loading program.
new page table.
clone page tables
new task 5549.
switching task to 5549.
TLB clear.
clone page tables
new task 5550.
switching task to 5550.
TLB clear.
switching task to 5549.
TLB clear.
lookup TLB: not found.
loading block.
TLB swapping
switching task to 5550.
TLB clear.
lookup TLB: not found.
TLB swapping
switching task to 5549.
TLB clear.
lookup TLB: not found.
TLB swapping
switching task to 5550.
TLB clear.
lookup TLB: not found.
loading block.
TLB swapping
switching task to 5549.
TLB clear.
lookup TLB: not found.
TLB swapping
switching task to 5550.
TLB clear.
lookup TLB: not found.
TLB swapping
switching task to 5549.
TLB clear.
lookup TLB: not found.
TLB swapping
switching task to 5550.
TLB clear.
lookup TLB: not found.
TLB swapping
switching task to 5549.
TLB clear.
lookup TLB: not found.
loading block.
TLB swapping
switching task to 5550.
TLB clear.
lookup TLB: not found.
loading block.
TLB swapping
switching task to 5549.
TLB clear.
lookup TLB: not found.
TLB swapping
switching task to 5550.
TLB clear.
lookup TLB: not found.
TLB swapping
switching task to 5549.
TLB clear.
lookup TLB: not found.
loading block.
TLB swapping
switching task to 5550.
TLB clear.
lookup TLB: not found.
new page table.
TLB swapping
switching task to 5549.
TLB clear.
lookup TLB: not found.
TLB swapping
switching task to 5550.
TLB clear.
lookup TLB: not found.
new page table.
TLB swapping
switching task to 5549.
TLB clear.
lookup TLB: not found.
new page table.
TLB swapping
switching task to 5550.
TLB clear.
lookup TLB: not found.
new page table.
TLB swapping
switching task to 5549.
TLB clear.
lookup TLB: not found.
new page table.
TLB swapping
switching task to 5550.
TLB clear.
vpage:  0    ppage:  0    valid: 1    swaped: 0    mode: 12    edited: 0
vpage:  1    ppage:  1    valid: 1    swaped: 0    mode: 13    edited: 0
vpage:  2    ppage:  2    valid: 1    swaped: 0    mode: 6    edited: 0
vpage:  3    ppage:  4    valid: 1    swaped: 0    mode: 6    edited: 0
vpage:  4    ppage:  6    valid: 1    swaped: 0    mode: 6    edited: 0
vpage:  5    ppage:  8    valid: 1    swaped: 0    mode: 6    edited: 0
vpage:  6    ppage:  6    valid: 0    swaped: 0    mode: 6    edited: 0
vpage:  8    ppage:  8    valid: 0    swaped: 0    mode: 6    edited: 0
vpage:  a    ppage:  a    valid: 0    swaped: 0    mode: 6    edited: 0
vpage:  b    ppage:  b    valid: 0    swaped: 0    mode: 6    edited: 0
vpage:  d    ppage:  d    valid: 0    swaped: 0    mode: 6    edited: 0
vpage: 5a    ppage:  b    valid: 1    swaped: 0    mode: 6    edited: 0
vpage: 83    ppage:  a    valid: 1    swaped: 0    mode: 6    edited: 0
vpage: ff    ppage:  d    valid: 1    swaped: 0    mode: 6    edited: 0
switching task to 5549.
TLB clear.
lookup TLB: not found.
new page table.
TLB swapping
switching task to 5550.
TLB clear.
lookup TLB: not found.
TLB swapping
switching task to 5549.
TLB clear.
vpage:  0    ppage:  0    valid: 1    swaped: 0    mode: 12    edited: 0
vpage:  1    ppage:  1    valid: 1    swaped: 0    mode: 13    edited: 0
vpage:  2    ppage:  3    valid: 1    swaped: 0    mode: 6    edited: 0
vpage:  3    ppage:  5    valid: 1    swaped: 0    mode: 6    edited: 0
vpage:  4    ppage:  7    valid: 1    swaped: 0    mode: 6    edited: 0
vpage:  5    ppage:  9    valid: 1    swaped: 0    mode: 6    edited: 0
vpage:  7    ppage:  7    valid: 0    swaped: 0    mode: 6    edited: 0
vpage:  9    ppage:  9    valid: 0    swaped: 0    mode: 6    edited: 0
vpage:  c    ppage:  c    valid: 0    swaped: 0    mode: 6    edited: 0
vpage:  e    ppage:  e    valid: 0    swaped: 0    mode: 6    edited: 0
vpage:  f    ppage:  f    valid: 0    swaped: 0    mode: 6    edited: 0
vpage: 5a    ppage:  e    valid: 1    swaped: 0    mode: 6    edited: 0
vpage: 83    ppage:  c    valid: 1    swaped: 0    mode: 6    edited: 0
vpage: ff    ppage:  f    valid: 1    swaped: 0    mode: 6    edited: 0
switching task to 5550.
TLB clear.
lookup TLB: not found.
TLB swapping
switching task to 5549.
TLB clear.
lookup TLB: not found.
TLB swapping
switching task to 5550.
TLB clear